<?xml version="1.0" encoding="utf-8"?><testsuites name="pytest tests"><testsuite name="pytest" errors="0" failures="0" skipped="0" tests="9" time="0.797" timestamp="2026-05-09T08:15:26.295601+00:00" hostname="agent-env-9ec54435-2472-4646-9112-8f3231268e59"><testcase classname="backend.tests.backend_test" name="test_services" time="0.176" /><testcase classname="backend.tests.backend_test" name="test_industries" time="0.050" /><testcase classname="backend.tests.backend_test" name="test_testimonials" time="0.043" /><testcase classname="backend.tests.backend_test" name="test_blogs" time="0.042" /><testcase classname="backend.tests.backend_test" name="test_plans" time="0.081" /><testcase classname="backend.tests.backend_test" name="test_portfolio" time="0.043" /><testcase classname="backend.tests.backend_test" name="test_profile" time="0.046" /><testcase classname="backend.tests.backend_test" name="test_payment_invalid_plan" time="0.042" /><testcase classname="backend.tests.backend_test" name="test_payment_valid_plan_then_listed" time="0.143" /></testsuite></testsuites>