<?xml version="1.0" encoding="utf-8"?><testsuites name="pytest tests"><testsuite name="pytest" errors="0" failures="0" skipped="0" tests="10" time="1.093" timestamp="2026-05-09T15:56:06.610779+00:00" hostname="agent-env-9ec54435-2472-4646-9112-8f3231268e59"><testcase classname="backend.tests.backend_test" name="test_services" time="0.294" /><testcase classname="backend.tests.backend_test" name="test_industries" time="0.049" /><testcase classname="backend.tests.backend_test" name="test_discounts" time="0.045" /><testcase classname="backend.tests.backend_test" name="test_testimonials" time="0.051" /><testcase classname="backend.tests.backend_test" name="test_blogs" time="0.046" /><testcase classname="backend.tests.backend_test" name="test_plans" time="0.044" /><testcase classname="backend.tests.backend_test" name="test_portfolio" time="0.059" /><testcase classname="backend.tests.backend_test" name="test_profile" time="0.044" /><testcase classname="backend.tests.backend_test" name="test_payment_invalid_plan" time="0.046" /><testcase classname="backend.tests.backend_test" name="test_payment_valid_plan_then_listed" time="0.158" /></testsuite></testsuites>